[debug] [2025-12-25T22:14:40.264Z] ----------------------------------------------------------------------
[debug] [2025-12-25T22:14:40.269Z] Command:       /opt/homebrew/Cellar/node/24.7.0/bin/node /opt/homebrew/bin/firebase init functions
[debug] [2025-12-25T22:14:40.269Z] CLI Version:   15.1.0
[debug] [2025-12-25T22:14:40.269Z] Platform:      darwin
[debug] [2025-12-25T22:14:40.269Z] Node Version:  v24.7.0
[debug] [2025-12-25T22:14:40.269Z] Time:          Thu Dec 25 2025 16:14:40 GMT-0600 (hora estándar central)
[debug] [2025-12-25T22:14:40.269Z] ----------------------------------------------------------------------
[debug] 
[info] 
     ######## #### ########  ######## ########     ###     ######  ########
     ##        ##  ##     ## ##       ##     ##  ##   ##  ##       ##
     ######    ##  ########  ######   ########  #########  ######  ######
     ##        ##  ##    ##  ##       ##     ## ##     ##       ## ##
     ##       #### ##     ## ######## ########  ##     ##  ######  ########

You're about to initialize a Firebase project in this directory:

  /Users/antoniomartinez/Desktop/tradingmx

[info] 
=== Project Setup
[info] 
[info] First, let's associate this project directory with a Firebase project.
[info] You can create multiple project aliases by running firebase use --add, 
[info] 
